<?xml version="1.0" encoding="UTF-8"?>
<testsuite xmlns:xsi="http://www.w3.org/2001/XMLSchema-instance" xsi:noNamespaceSchemaLocation="https://maven.apache.org/surefire/maven-surefire-plugin/xsd/surefire-test-report.xsd" name="com.sl.ms.ordermanagement.OrdersControllerIntegrationTest" time="2.844" tests="7" errors="0" skipped="0" failures="0">
  <properties>
[...]
</properties>
  <testcase name="saveItemToOrderTest" classname="com.sl.ms.ordermanagement.OrdersControllerIntegrationTest" time="0.099"/>
  <testcase name="deleteOrderByIdTest" classname="com.sl.ms.ordermanagement.OrdersControllerIntegrationTest" time="0.091"/>
  <testcase name="postOrderTest" classname="com.sl.ms.ordermanagement.OrdersControllerIntegrationTest" time="0.021"/>
  <testcase name="hysterixTest" classname="com.sl.ms.ordermanagement.OrdersControllerIntegrationTest" time="0.013"/>
  <testcase name="getAllOrdersTest" classname="com.sl.ms.ordermanagement.OrdersControllerIntegrationTest" time="0.032"/>
  <testcase name="saveOrderCheckProductTest" classname="com.sl.ms.ordermanagement.OrdersControllerIntegrationTest" time="0.009"/>
  <testcase name="getOrderByIdTest" classname="com.sl.ms.ordermanagement.OrdersControllerIntegrationTest" time="0.02"/>
</testsuite>